-------------------------------------------------------------------------------
Test set: TestSuite
-------------------------------------------------------------------------------
Tests run: 4, Failures: 1, Errors: 0, Skipped: 0, Time elapsed: 73.973 sec <<< FAILURE! - in TestSuite
teardown(scripts.UnitedAirlinesTest)  Time elapsed: 19.025 sec  <<< FAILURE!
java.lang.AssertionError: 
The following asserts failed:
	expected [true] but found [false],
	expected [true] but found [false]

